\BOOKMARK [1][-]{section.1}{Acknowledgements}{}% 1
\BOOKMARK [1][-]{section.2}{Présentation de la structure d'accueil}{}% 2
\BOOKMARK [1][-]{section.3}{Literature\040review}{}% 3
\BOOKMARK [2][-]{subsection.3.1}{Structure\040and\040dynamics\040of\040ecosystems:\040how\040can\040species\040coexist\040in\040same\040environment?}{section.3}% 4
\BOOKMARK [2][-]{subsection.3.2}{Concepts and definition for studying ecosystems’ dynamic.}{section.3}% 5
\BOOKMARK [2][-]{subsection.3.3}{Tools\040to\040study\040diversity\040in\040ecosystems\040and\040their\040limits}{section.3}% 6
\BOOKMARK [2][-]{subsection.3.4}{Emergence\040of\040a\040more\040global\040approach\040based\040on\040functional\040traits.}{section.3}% 7
\BOOKMARK [3][-]{subsubsection.3.4.1}{General\040overview}{subsection.3.4}% 8
\BOOKMARK [3][-]{subsubsection.3.4.2}{Improvement\040of\040the\040method\040over\040the\040years}{subsection.3.4}% 9
\BOOKMARK [2][-]{subsection.3.5}{The\040advent\040of\040functional\040diversity}{section.3}% 10
\BOOKMARK [3][-]{subsubsection.3.5.1}{Benefits\040of\040this\040approach}{subsection.3.5}% 11
\BOOKMARK [1][-]{section.4}{Introduction}{}% 12
\BOOKMARK [1][-]{section.5}{Materials\040&\040Methods}{}% 13
\BOOKMARK [2][-]{subsection.5.1}{Sampling\040and\040specimens}{section.5}% 14
\BOOKMARK [2][-]{subsection.5.2}{Morphological\040measurements\040and\040functional\040traits}{section.5}% 15
\BOOKMARK [2][-]{subsection.5.3}{Data\040analysis}{section.5}% 16
\BOOKMARK [3][-]{subsubsection.5.3.1}{Data\040pre-processing}{subsection.5.3}% 17
\BOOKMARK [3][-]{subsubsection.5.3.2}{Factorial\040Analysis\040of\040Mixed\040Data\040\(FAMD\)}{subsection.5.3}% 18
\BOOKMARK [2][-]{subsection.5.4}{Functional\040niche\040analysis}{section.5}% 19
\BOOKMARK [2][-]{subsection.5.5}{Kernel\040density\040estimation}{section.5}% 20
\BOOKMARK [1][-]{section.6}{Results}{}% 21
\BOOKMARK [2][-]{subsection.6.1}{Factorial\040Analysis\040of\040Mixed\040Data}{section.6}% 22
\BOOKMARK [2][-]{subsection.6.2}{Functional\040niche\040surface\040and\040overlap}{section.6}% 23
\BOOKMARK [2][-]{subsection.6.3}{Kernel\040density\040estimation}{section.6}% 24
\BOOKMARK [1][-]{section.7}{Discussion}{}% 25
\BOOKMARK [1][-]{section.8}{Conclusion}{}% 26
\BOOKMARK [1][-]{appendix.A}{Appendice}{}% 27
\BOOKMARK [1][-]{appendix.B}{Abstract}{}% 28
\BOOKMARK [1][-]{appendix.C}{Résumé}{}% 29
