This is XeTeX, Version 3.14159265-2.6-0.999992 (TeX Live 2020/W32TeX) (preloaded format=xelatex 2021.2.8)  31 MAY 2021 13:19
entering extended mode
 restricted \write18 enabled.
 %&-line parsing enabled.
**Title_page.tex
(./Title_page.tex
LaTeX2e <2020-10-01> patch level 4
L3 programming layer <2021-02-06>

! LaTeX Error: Environment titlepage undefined.

See the LaTeX manual or LaTeX Companion for explanation.
Type  H <return>  for immediate help.
 ...                                              
                                                  
l.2 \begin{titlepage}
                     
Your command was ignored.
Type  I <command> <return>  to replace it with another command,
or  <return>  to continue without it.


! LaTeX Error: Missing \begin{document}.

See the LaTeX manual or LaTeX Companion for explanation.
Type  H <return>  for immediate help.
 ...                                              
                                                  
l.3 \begin{center}
                  
You're in trouble here.  Try typing  <return>  to proceed.
If that doesn't work, type  X <return>  to quit.


Overfull \hbox (20.0pt too wide) in paragraph at lines 3--3
[] 
 []

! Undefined control sequence.
<recently read> \LARGE 
                       
l.7 \textsc{\LARGE \univname}
                             \\[1.5cm] % University name
The control sequence at the end of the top line
of your error message was never \def'ed. If you have
misspelled it (e.g., `\hobx'), type `I' and the correct
spelling (e.g., `I\hbox'). Otherwise just continue,
and I'll forget about whatever was undefined.

! Undefined control sequence.
<argument> \LARGE \univname 
                            
l.7 \textsc{\LARGE \univname}
                             \\[1.5cm] % University name
The control sequence at the end of the top line
of your error message was never \def'ed. If you have
misspelled it (e.g., `\hobx'), type `I' and the correct
spelling (e.g., `I\hbox'). Otherwise just continue,
and I'll forget about whatever was undefined.

! Undefined control sequence.
<recently read> \Large 
                       
l.8 \textsc{\Large Master's Thesis}
                                   \\[0.5cm] % Thesis type
The control sequence at the end of the top line
of your error message was never \def'ed. If you have
misspelled it (e.g., `\hobx'), type `I' and the correct
spelling (e.g., `I\hbox'). Otherwise just continue,
and I'll forget about whatever was undefined.


Overfull \hbox (45.21pt too wide) in paragraph at lines 8--8
 []\TU/lmr/m/sc/10 Master’s 
 []


Overfull \hbox (23.35pt too wide) in paragraph at lines 8--8
 \TU/lmr/m/sc/10 The- 
 []


Overfull \hbox (12.18001pt too wide) in paragraph at lines 8--8
 \TU/lmr/m/sc/10 sis 
 []

! Undefined control sequence.
l.10 \HRule
            \\[0.4cm] % Horizontal line
The control sequence at the end of the top line
of your error message was never \def'ed. If you have
misspelled it (e.g., `\hobx'), type `I' and the correct
spelling (e.g., `I\hbox'). Otherwise just continue,
and I'll forget about whatever was undefined.


! LaTeX Error: There's no line here to end.

See the LaTeX manual or LaTeX Companion for explanation.
Type  H <return>  for immediate help.
 ...                                              
                                                  
l.10 \HRule \\
              [0.4cm] % Horizontal line
Your command was ignored.
Type  I <command> <return>  to replace it with another command,
or  <return>  to continue without it.

! Undefined control sequence.
l.11 {\huge
            \bfseries \ttitle}\\[0.4cm] % Thesis title
The control sequence at the end of the top line
of your error message was never \def'ed. If you have
misspelled it (e.g., `\hobx'), type `I' and the correct
spelling (e.g., `I\hbox'). Otherwise just continue,
and I'll forget about whatever was undefined.

! Undefined control sequence.
l.11 {\huge \bfseries \ttitle
                             }\\[0.4cm] % Thesis title
The control sequence at the end of the top line
of your error message was never \def'ed. If you have
misspelled it (e.g., `\hobx'), type `I' and the correct
spelling (e.g., `I\hbox'). Otherwise just continue,
and I'll forget about whatever was undefined.


! LaTeX Error: There's no line here to end.

See the LaTeX manual or LaTeX Companion for explanation.
Type  H <return>  for immediate help.
 ...                                              
                                                  
l.11 {\huge \bfseries \ttitle}\\
                                [0.4cm] % Thesis title
Your command was ignored.
Type  I <command> <return>  to replace it with another command,
or  <return>  to continue without it.

! Undefined control sequence.
l.12 \HRule
            \\[1.5cm] % Horizontal line
The control sequence at the end of the top line
of your error message was never \def'ed. If you have
misspelled it (e.g., `\hobx'), type `I' and the correct
spelling (e.g., `I\hbox'). Otherwise just continue,
and I'll forget about whatever was undefined.


! LaTeX Error: There's no line here to end.

See the LaTeX manual or LaTeX Companion for explanation.
Type  H <return>  for immediate help.
 ...                                              
                                                  
l.12 \HRule \\
              [1.5cm] % Horizontal line
Your command was ignored.
Type  I <command> <return>  to replace it with another command,
or  <return>  to continue without it.

! Undefined control sequence.
l.15 \begin{flushleft} \large
                             
The control sequence at the end of the top line
of your error message was never \def'ed. If you have
misspelled it (e.g., `\hobx'), type `I' and the correct
spelling (e.g., `I\hbox'). Otherwise just continue,
and I'll forget about whatever was undefined.

! Undefined control sequence.
l.17 {\authornames
                  } % Author name - remove the \href bracket to remove the link
The control sequence at the end of the top line
of your error message was never \def'ed. If you have
misspelled it (e.g., `\hobx'), type `I' and the correct
spelling (e.g., `I\hbox'). Otherwise just continue,
and I'll forget about whatever was undefined.

LaTeX Font Info:    External font `cmex10' loaded for size
(Font)              <7> on input line 19.
LaTeX Font Info:    External font `cmex10' loaded for size
(Font)              <5> on input line 19.
! Undefined control sequence.
l.21 \begin{flushright} \large
                              
The control sequence at the end of the top line
of your error message was never \def'ed. If you have
misspelled it (e.g., `\hobx'), type `I' and the correct
spelling (e.g., `I\hbox'). Otherwise just continue,
and I'll forget about whatever was undefined.

! Undefined control sequence.
l.23 {\supname
              } % Supervisor name - remove the \href bracket to remove the link
The control sequence at the end of the top line
of your error message was never \def'ed. If you have
misspelled it (e.g., `\hobx'), type `I' and the correct
spelling (e.g., `I\hbox'). Otherwise just continue,
and I'll forget about whatever was undefined.


Overfull \hbox (3276.74998pt too wide) in paragraph at lines 14--25
 []$[]$ 
 []


Overfull \hbox (3276.74998pt too wide) in paragraph at lines 14--25
 []$ 
 []

! Undefined control sequence.
l.27 \large
            \textit{A thesis submitted in fulfilment of the requirements\\ f...
The control sequence at the end of the top line
of your error message was never \def'ed. If you have
misspelled it (e.g., `\hobx'), type `I' and the correct
spelling (e.g., `I\hbox'). Otherwise just continue,
and I'll forget about whatever was undefined.


Overfull \hbox (7.43pt too wide) in paragraph at lines 27--27
 []\TU/lmr/m/it/10 A 
 []


Overfull \hbox (16.61pt too wide) in paragraph at lines 27--27
 \TU/lmr/m/it/10 the- 
 []


Overfull \hbox (11.25pt too wide) in paragraph at lines 27--27
 \TU/lmr/m/it/10 sis 
 []


Overfull \hbox (17.64pt too wide) in paragraph at lines 27--27
 \TU/lmr/m/it/10 sub- 
 []


Overfull \hbox (18.15pt too wide) in paragraph at lines 27--27
 \TU/lmr/m/it/10 mit- 
 []


Overfull \hbox (12.52pt too wide) in paragraph at lines 27--27
 \TU/lmr/m/it/10 ted 
 []


Overfull \hbox (8.69pt too wide) in paragraph at lines 27--27
 \TU/lmr/m/it/10 in 
 []


Overfull \hbox (14.58pt too wide) in paragraph at lines 27--27
 \TU/lmr/m/it/10 ful- 
 []


Overfull \hbox (11.76pt too wide) in paragraph at lines 27--27
 \TU/lmr/m/it/10 fil- 
 []


Overfull \hbox (21.72pt too wide) in paragraph at lines 27--27
 \TU/lmr/m/it/10 ment 
 []


Overfull \hbox (8.18001pt too wide) in paragraph at lines 27--27
 \TU/lmr/m/it/10 of 
 []


Overfull \hbox (13.03pt too wide) in paragraph at lines 27--27
 \TU/lmr/m/it/10 the 
 []


Overfull \hbox (11.89pt too wide) in paragraph at lines 27--27
 \TU/lmr/m/it/10 re- 
 []


Overfull \hbox (24.93001pt too wide) in paragraph at lines 27--27
 \TU/lmr/m/it/10 quire- 
 []


Overfull \hbox (25.81pt too wide) in paragraph at lines 27--27
 \TU/lmr/m/it/10 ments 
 []

! Undefined control sequence.
<argument> ...nts\\ for the degree of \degreename 
                                                  
l.27 ...uirements\\ for the degree of \degreename}
                                                  \\[0.3cm] % University req...
The control sequence at the end of the top line
of your error message was never \def'ed. If you have
misspelled it (e.g., `\hobx'), type `I' and the correct
spelling (e.g., `I\hbox'). Otherwise just continue,
and I'll forget about whatever was undefined.


Overfull \hbox (12.4pt too wide) in paragraph at lines 27--27
 []\TU/lmr/m/it/10 for 
 []


Overfull \hbox (13.03pt too wide) in paragraph at lines 27--27
 \TU/lmr/m/it/10 the 
 []


Overfull \hbox (13.29pt too wide) in paragraph at lines 27--27
 \TU/lmr/m/it/10 de- 
 []


Overfull \hbox (17.0pt too wide) in paragraph at lines 27--27
 \TU/lmr/m/it/10 gree 
 []


Overfull \hbox (9.63pt too wide) in paragraph at lines 27--27
 \TU/lmr/m/it/10 of 
 []

! Undefined control sequence.
l.31 {\large
             \today}\\[4cm] % Date
The control sequence at the end of the top line
of your error message was never \def'ed. If you have
misspelled it (e.g., `\hobx'), type `I' and the correct
spelling (e.g., `I\hbox'). Otherwise just continue,
and I'll forget about whatever was undefined.

! Undefined control sequence.
l.31 {\large \today
                   }\\[4cm] % Date
The control sequence at the end of the top line
of your error message was never \def'ed. If you have
misspelled it (e.g., `\hobx'), type `I' and the correct
spelling (e.g., `I\hbox'). Otherwise just continue,
and I'll forget about whatever was undefined.


! LaTeX Error: There's no line here to end.

See the LaTeX manual or LaTeX Companion for explanation.
Type  H <return>  for immediate help.
 ...                                              
                                                  
l.31 {\large \today}\\
                      [4cm] % Date
Your command was ignored.
Type  I <command> <return>  to replace it with another command,
or  <return>  to continue without it.


! LaTeX Error: \begin{document} ended by \end{titlepage}.

See the LaTeX manual or LaTeX Companion for explanation.
Type  H <return>  for immediate help.
 ...                                              
                                                  
l.37 \end{titlepage}
                    
Your command was ignored.
Type  I <command> <return>  to replace it with another command,
or  <return>  to continue without it.


! LaTeX Error: The font size command \normalsize is not defined:
               there is probably something wrong with the class file.

See the LaTeX manual or LaTeX Companion for explanation.
Type  H <return>  for immediate help.
 ...                                              
                                                  
l.38 \end{document}
                   
Your command was ignored.
Type  I <command> <return>  to replace it with another command,
or  <return>  to continue without it.

[1]
\gdef \@abspage@last{1}
(./Title_page.aux) ) 
Here is how much of TeX's memory you used:
 43 strings out of 479115
 936 string characters out of 5872952
 278011 words of memory out of 5000000
 19729 multiletter control sequences out of 15000+600000
 403462 words of font info for 31 fonts, out of 8000000 for 9000
 62 hyphenation exceptions out of 8191
 25i,4n,26p,171b,221s stack positions out of 5000i,500n,10000p,200000b,80000s

Output written on Title_page.xdv (1 page, 1836 bytes).
